<?xml version="1.0" encoding="UTF-8"?>
<!-- Generated by org.testng.reporters.JUnitXMLReporter -->
<testsuite hostname="sachin4597-01" ignored="0" name="Default test" tests="6" failures="0" timestamp="06 May 2019 07:38:55 GMT" time="24.721" errors="0">
  <testcase name="Test_HighestRetweetCount" time="3.904" classname="com.twitter.api.Twitter"/>
  <testcase name="Test_Top_10_Hashtag" time="2.752" classname="com.twitter.api.Twitter"/>
  <testcase name="Test_Top_3_Followers" time="2.242" classname="com.twitter.api.Twitter"/>
  <testcase name="Test_HighestLikeCount" time="8.927" classname="com.twitter.api.Twitter"/>
  <testcase name="Test_JSONSample" time="0.004" classname="com.twitter.api.Twitter"/>
  <testcase name="Test_PostRequest" time="6.255" classname="com.twitter.api.Twitter"/>
</testsuite> <!-- Default test -->
