<?xml version="1.0" encoding="UTF-8"?>
<!-- Generated by org.testng.reporters.JUnitXMLReporter -->
<testsuite hostname="sachin4597-01" ignored="0" name="Default test" tests="6" failures="0" timestamp="28 Apr 2019 03:47:38 GMT" time="10.101" errors="0">
  <testcase name="Test_HighestRetweetCount" time="2.921" classname="com.twitter.api.Twitter"/>
  <testcase name="Test_Top_10_Hashtag" time="1.648" classname="com.twitter.api.Twitter"/>
  <testcase name="Test_Top_3_Followers" time="1.59" classname="com.twitter.api.Twitter"/>
  <testcase name="Test_HighestLikeCount" time="1.206" classname="com.twitter.api.Twitter"/>
  <testcase name="Test_JSONSample" time="0.004" classname="com.twitter.api.Twitter"/>
  <testcase name="Test_PostRequest" time="2.294" classname="com.twitter.api.Twitter"/>
</testsuite> <!-- Default test -->
