<?xml version="1.0" encoding="UTF-8"?>
<!-- Generated by org.testng.reporters.JUnitXMLReporter -->
<testsuite hostname="sachin4597-01" ignored="0" name="Test" tests="6" failures="0" timestamp="28 Apr 2019 03:51:39 GMT" time="10.41" errors="0">
  <testcase name="Test_HighestRetweetCount" time="3.191" classname="com.twitter.api.Twitter"/>
  <testcase name="Test_Top_10_Hashtag" time="1.829" classname="com.twitter.api.Twitter"/>
  <testcase name="Test_Top_3_Followers" time="1.769" classname="com.twitter.api.Twitter"/>
  <testcase name="Test_HighestLikeCount" time="1.136" classname="com.twitter.api.Twitter"/>
  <testcase name="Test_JSONSample" time="0.005" classname="com.twitter.api.Twitter"/>
  <testcase name="Test_PostRequest" time="2.054" classname="com.twitter.api.Twitter"/>
</testsuite> <!-- Test -->
