<?xml version="1.0" encoding="UTF-8"?>
<!-- Generated by org.testng.reporters.JUnitXMLReporter -->
<testsuite hostname="sachin4597-01" ignored="0" name="Test" tests="6" failures="0" timestamp="28 Apr 2019 04:21:04 GMT" time="11.552" errors="0">
  <testcase name="Test_HighestRetweetCount" time="3.218" classname="com.twitter.api.Twitter"/>
  <testcase name="Test_Top_10_Hashtag" time="1.876" classname="com.twitter.api.Twitter"/>
  <testcase name="Test_Top_3_Followers" time="2.142" classname="com.twitter.api.Twitter"/>
  <testcase name="Test_HighestLikeCount" time="1.298" classname="com.twitter.api.Twitter"/>
  <testcase name="Test_JSONSample" time="0.007" classname="com.twitter.api.Twitter"/>
  <testcase name="Test_PostRequest" time="2.56" classname="com.twitter.api.Twitter"/>
</testsuite> <!-- Test -->
